2021-08-29 16:06:36,805:INFO:user:aaaa labled blenheim_spaniel_s_000123.png as dog 
2021-08-30 16:42:15,560:INFO:user:aaaa labled abandoned_ship_s_000213.png as ship 
2021-08-30 16:45:53,299:INFO:user:aaaa labled alces_alces_s_000621.png as deer 
2021-08-30 16:48:45,972:INFO:user:aaaa labled alces_alces_s_000498.png as deer 
2021-08-30 16:49:22,707:INFO:user:aaaa labled alley_cat_s_000013.png as cat 
2021-08-30 16:56:30,868:INFO:user:aaaa labled blenheim_spaniel_s_000132.png as cat 
2021-08-30 16:56:53,026:INFO:user:aaaa labled blenheim_spaniel_s_000123.png as dog 
2021-08-30 17:48:51,110:INFO:user:aaaa labled blenheim_spaniel_s_000123.png as dog 
2021-08-30 17:49:18,052:INFO:user:aaaa labled blenheim_spaniel_s_000132.png as cat 
2021-08-30 17:53:28,733:INFO:user:aaaa labled alley_cat_s_000013.png as cat 
2021-09-05 21:57:54,421:INFO:user:aaaa labled aerial_ladder_truck_s_000004.png as truck 
2021-09-05 23:17:15,762:INFO:user:aaaa labled blenheim_spaniel_s_000173.png as dog 
2021-09-06 16:37:14,791:INFO:user:aaaa labled aerial_ladder_truck_s_000002.png as truck 
2021-09-06 16:37:14,793:INFO:user:aaaa labled aerial_ladder_truck_s_000002.png as truck 
2021-09-06 16:41:57,438:INFO:user:aaaa labled appaloosa_s_000034.png as horse 
2021-09-06 16:41:57,438:INFO:user:aaaa labled appaloosa_s_000034.png as horse 
2021-09-06 16:47:35,856:INFO:user:aaaa labled aerial_ladder_truck_s_000004.png as truck 
2021-09-06 16:47:35,857:INFO:user:aaaa labled aerial_ladder_truck_s_000004.png as truck 
2021-09-06 16:51:57,401:INFO:user:aaaa labled alces_alces_s_000498.png as deer 
2021-09-06 16:51:57,401:INFO:user:aaaa labled alces_alces_s_000498.png as deer 
2021-09-06 17:00:05,057:INFO:user:aaaa labled appaloosa_s_000027.png as horse 
2021-09-06 17:01:11,845:INFO:user:aaaa labled alley_cat_s_000013.png as cat 
2021-09-06 19:48:21,143:INFO:user:aaaa labled appaloosa_s_000034.png as horse 
2021-09-06 19:57:14,113:INFO:user:aaaa labled alces_alces_s_000621.png as deer 
2021-09-06 22:57:07,496:INFO:user:aaaa labled aerial_ladder_truck_s_000004.png as truck 
2021-09-06 23:05:53,778:INFO:user:aaaa labled aerial_ladder_truck_s_000004.png as truck 
2021-09-06 23:06:24,804:INFO:user:aaaa labled alces_alces_s_000498.png as deer 
2021-09-06 23:06:49,191:INFO:user:aaaa labled alley_cat_s_000013.png as cat 
2021-09-25 16:51:43,056:INFO:user:aaaa labled alces_alces_s_000498.png as deer 
2021-09-25 16:52:06,177:INFO:user:aaaa labled alley_cat_s_000013.png as cat 
2021-09-25 16:52:48,664:INFO:user:aaaa labled appaloosa_s_000044.png as horse 
2021-09-26 15:28:46,461:INFO:user:aaaa labled blenheim_spaniel_s_000259.png as dog 
2021-09-26 15:29:22,285:INFO:user:aaaa labled blenheim_spaniel_s_000096.png as dog 
2021-09-29 21:02:20,790:INFO:user:aaaa labled blenheim_spaniel_s_000620.png as dog 
2021-09-29 23:24:32,490:INFO:user:aaaa labled blenheim_spaniel_s_000355.png as dog 
2021-09-29 23:24:32,491:INFO:user:aaaa labled blenheim_spaniel_s_000355.png as dog 
2021-09-29 23:25:00,742:INFO:user:aaaa labled blenheim_spaniel_s_000173.png as dog 
2021-09-29 23:25:00,742:INFO:user:aaaa labled blenheim_spaniel_s_000173.png as dog 
2021-10-04 16:25:35,013:INFO:user:aaaa labled american_saddle_horse_s_000008.png as horse 
2021-10-04 16:50:11,728:INFO:user:aaaa labled american_saddle_horse_s_000025.png as horse 
2021-10-04 16:50:55,892:INFO:user:aaaa labled appaloosa_s_000027.png as horse 
2021-10-04 16:52:39,084:INFO:user:aaaa labled blenheim_spaniel_s_000123.png as dog 
2021-10-04 16:52:52,613:INFO:user:aaaa labled blenheim_spaniel_s_000173.png as dog 
2021-10-04 16:56:06,434:INFO:user:aaaa labled blenheim_spaniel_s_000132.png as cat 
2021-10-04 17:34:56,193:INFO:user:aaaa labled alley_cat_s_000013.png as cat 
2021-10-04 20:02:02,779:INFO:user:aaaa labled alley_cat_s_000013.png as cat 
2021-10-04 20:04:27,525:INFO:user:aaaa labled alley_cat_s_000157.png as cat 
2021-10-04 20:11:02,202:INFO:user:aaaa labled alytes_obstetricans_s_000010.png as frog 
2021-10-04 20:13:46,360:INFO:user:aaaa labled aerial_ladder_truck_s_000128.png as truck 
2021-10-04 20:25:29,400:INFO:user:aaaa labled blenheim_spaniel_s_000123.png as dog 
2021-10-04 20:27:29,182:INFO:user:aaaa labled aerial_ladder_truck_s_000128.png as truck 
2021-10-06 21:43:18,263:INFO:user:aaaa labled abandoned_ship_s_000213.png as ship 
2021-10-06 21:43:18,265:INFO:user:aaaa labled aerial_ladder_truck_s_000002.png as ship 
2021-10-06 21:43:18,267:INFO:user:aaaa labled alley_cat_s_000013.png as ship 
2021-10-06 21:43:18,270:INFO:user:aaaa labled alley_cat_s_000030.png as ship 
2021-10-06 21:43:18,271:INFO:user:aaaa labled american_saddle_horse_s_000025.png as ship 
2021-10-06 21:43:18,272:INFO:user:aaaa labled appaloosa_s_000027.png as ship 
2021-10-06 21:43:18,273:INFO:user:aaaa labled abandoned_ship_s_000213.png as ship 
2021-10-06 21:43:18,273:INFO:user:aaaa labled aerial_ladder_truck_s_000002.png as ship 
2021-10-06 22:13:07,251:INFO:user:aaaa labled alley_cat_s_000013.png as ship 
2021-10-06 22:13:07,253:INFO:user:aaaa labled alley_cat_s_000030.png as ship 
2021-10-06 22:13:07,255:INFO:user:aaaa labled american_saddle_horse_s_000025.png as ship 
2021-10-06 22:13:07,258:INFO:user:aaaa labled appaloosa_s_000027.png as ship 
2021-10-07 00:22:48,796:INFO:user:aaaa labled abandoned_ship_s_000213.png as ship 
2021-10-07 00:22:48,804:INFO:user:aaaa labled aerial_ladder_truck_s_000002.png as ship 
2021-10-07 00:22:48,807:INFO:user:aaaa labled alley_cat_s_000013.png as ship 
2021-10-07 00:22:48,810:INFO:user:aaaa labled alley_cat_s_000030.png as ship 
2021-10-07 00:22:48,819:INFO:user:aaaa labled american_saddle_horse_s_000025.png as ship 
2021-10-07 00:22:48,823:INFO:user:aaaa labled appaloosa_s_000027.png as ship 
2021-10-07 00:22:48,826:INFO:user:aaaa labled abandoned_ship_s_000213.png as ship 
2021-10-07 00:22:48,829:INFO:user:aaaa labled aerial_ladder_truck_s_000002.png as ship 
2021-10-07 01:01:23,590:INFO:user:aaaa labled alley_cat_s_000013.png as ship 
2021-10-07 01:01:23,596:INFO:user:aaaa labled alley_cat_s_000030.png as ship 
2021-10-07 01:01:23,602:INFO:user:aaaa labled american_saddle_horse_s_000025.png as ship 
2021-10-07 01:01:23,609:INFO:user:aaaa labled appaloosa_s_000027.png as ship 
2021-10-07 13:22:55,615:INFO:user:aaaa labled aerial_ladder_truck_s_000004.png as truck 
2021-10-07 13:22:55,619:INFO:user:aaaa labled alley_cat_s_000013.png as truck 
2021-10-07 13:34:03,624:INFO:user:aaaa labled abandoned_ship_s_000213.png as ship 
2021-10-07 13:34:03,627:INFO:user:aaaa labled aerial_ladder_truck_s_000002.png as ship 
2021-10-07 13:34:03,630:INFO:user:aaaa labled alley_cat_s_000013.png as ship 
2021-10-07 13:34:03,634:INFO:user:aaaa labled alley_cat_s_000030.png as ship 
2021-10-07 13:41:30,794:INFO:user:aaaa labled american_saddle_horse_s_000025.png as horse 
2021-10-07 13:41:30,799:INFO:user:aaaa labled appaloosa_s_000027.png as horse 
2021-10-07 13:41:30,803:INFO:user:aaaa labled blenheim_spaniel_s_000173.png as horse 
2021-10-07 14:02:55,300:INFO:user:aaaa labled appaloosa_s_000035.png as horse 
2021-10-07 14:02:55,306:INFO:user:aaaa labled appaloosa_s_000044.png as horse 
2021-10-07 14:02:55,308:INFO:user:aaaa labled blenheim_spaniel_s_000123.png as dog 
2021-10-07 14:02:55,312:INFO:user:aaaa labled blenheim_spaniel_s_000132.png as cat 
2021-10-07 14:12:23,074:INFO:user:aaaa labled aerial_ladder_truck_s_000128.png as truck 
2021-10-07 14:12:23,078:INFO:user:aaaa labled alces_alces_s_000343.png as deer 
2021-10-07 14:12:23,084:INFO:user:aaaa labled alces_alces_s_000498.png as deer 
2021-10-07 14:12:23,087:INFO:user:aaaa labled alces_alces_s_000621.png as deer 
2021-10-18 23:12:21,997:INFO:user:aaaa labled alytes_obstetricans_s_000319.png as frog 
2021-10-18 23:12:21,999:INFO:user:aaaa labled alytes_obstetricans_s_000347.png as frog 
2021-10-18 23:12:21,999:INFO:user:aaaa labled alytes_obstetricans_s_000379.png as frog 
2021-10-18 23:12:22,000:INFO:user:aaaa labled alytes_obstetricans_s_000527.png as frog 
2021-10-18 23:12:22,001:INFO:user:aaaa labled american_green_toad_s_000115.png as frog 
2021-10-18 23:12:22,002:INFO:user:aaaa labled american_toad_s_000054.png as frog 
2021-10-18 23:14:35,237:INFO:user:aaaa labled anuran_s_000738.png as frog 
2021-10-18 23:14:35,238:INFO:user:aaaa labled anuran_s_000762.png as frog 
2021-10-18 23:14:35,239:INFO:user:aaaa labled anuran_s_000768.png as frog 
2021-10-18 23:14:35,240:INFO:user:aaaa labled anuran_s_000792.png as frog 
2021-10-18 23:14:35,241:INFO:user:aaaa labled barking_frog_s_000042.png as frog 
2021-10-18 23:14:35,243:INFO:user:aaaa labled barking_frog_s_000074.png as frog 
2021-10-18 23:18:24,513:INFO:user:aaaa labled blenheim_spaniel_s_000223.png as dog 
2021-10-18 23:18:24,514:INFO:user:aaaa labled blenheim_spaniel_s_000563.png as dog 
2021-10-18 23:18:24,515:INFO:user:aaaa labled blenheim_spaniel_s_000687.png as dog 
2021-10-18 23:25:53,840:INFO:user:aaaa labled accentor_s_001070.png as bird 
2021-10-18 23:25:53,841:INFO:user:aaaa labled accentor_s_001086.png as bird 
2021-10-18 23:25:53,842:INFO:user:aaaa labled accentor_s_001124.png as bird 
2021-10-18 23:25:53,843:INFO:user:aaaa labled accentor_s_001189.png as bird 
2021-10-19 22:48:31,634:INFO:user:aaaa labled accentor_s_000152.png as bird 
2021-10-20 16:23:18,587:INFO:user:aaaa labled accentor_s_000166.png as bird 
2021-10-20 16:24:13,906:INFO:user:121212111 labled automobile46.png as automoblie 
2021-10-20 16:24:13,927:INFO:user:121212111 labled automobile47.png as automoblie 
2021-10-20 16:34:44,551:INFO:user:121212111 labled cat46.png as cat 
2021-10-20 16:34:44,573:INFO:user:121212111 labled cat47.png as cat 
2021-10-20 16:45:56,094:INFO:user:aaaa labled accentor_s_000154.png as bird 
2021-10-20 16:45:56,114:INFO:user:aaaa labled accentor_s_000166.png as bird 
2021-10-20 16:45:56,134:INFO:user:aaaa labled accentor_s_000293.png as bird 
2021-10-20 16:45:56,161:INFO:user:aaaa labled accentor_s_000325.png as bird 
2021-10-20 16:46:37,394:INFO:user:121212111 labled horse2.png as horse 
2021-10-20 16:46:37,408:INFO:user:121212111 labled horse3.png as horse 
2021-10-20 19:11:24,450:INFO:user:aaaa labled accentor_s_000105.png as bird 
2021-10-20 19:25:53,740:INFO:user:aaaa labled american_saddle_horse_s_000025.png as horse 
2021-10-20 19:25:53,755:INFO:user:aaaa labled appaloosa_s_000027.png as horse 
2021-10-20 19:26:36,744:INFO:user:121212111 labled horse30.png as horse 
2021-10-20 19:26:36,763:INFO:user:121212111 labled horse31.png as horse 
2021-10-20 19:33:08,289:INFO:user:aaaa labled american_saddle_horse_s_000153.png as horse 
2021-10-20 19:33:08,305:INFO:user:aaaa labled appaloosa_s_000034.png as horse 
2021-10-20 19:39:22,564:INFO:user:121212111 labled deer3.png as deer 
2021-10-20 19:39:22,578:INFO:user:121212111 labled deer7.png as deer 
2021-10-21 19:31:17,384:INFO:user:aaaa1 labled aerial_ladder_truck_s_000128.png as truck 
2021-10-21 19:31:17,423:INFO:user:aaaa1 labled alces_alces_s_000343.png as deer 
2021-10-21 19:32:03,397:INFO:user:aaaa labled american_saddle_horse_s_000232.png as horse 
2021-10-21 19:32:03,439:INFO:user:aaaa labled american_saddle_horse_s_000244.png as horse 
2021-10-21 19:33:02,984:INFO:user:aaaa labled appaloosa_s_000421.png as horse 
2021-10-21 19:33:03,031:INFO:user:aaaa labled appaloosa_s_000467.png as horse 
2021-10-21 19:42:52,837:INFO:user:aaaa1 labled appaloosa_s_001714.png as horse 
2021-10-21 19:42:52,879:INFO:user:aaaa1 labled appaloosa_s_001787.png as horse 
2021-10-21 19:43:29,653:INFO:user:aaaa1 labled appaloosa_s_001926.png as horse 
2021-10-21 19:43:29,700:INFO:user:aaaa1 labled appaloosa_s_001936.png as horse 
2021-10-21 19:43:56,719:INFO:user:121212111 labled deer0.png as deer 
2021-10-21 19:43:56,764:INFO:user:121212111 labled deer1.png as deer 
2021-10-21 21:25:25,736:INFO:user:aaaa1 labled aerial_ladder_truck_s_000128.png as truck 
2021-10-21 21:25:25,760:INFO:user:aaaa1 labled alces_alces_s_000343.png as deer 
2021-10-21 21:26:08,083:INFO:user:121212111 labled abandoned_ship_s_000808.png as ship 
2021-10-21 21:26:08,107:INFO:user:121212111 labled abandoned_ship_s_000852.png as ship 
2021-10-21 21:26:08,135:INFO:user:121212111 labled abandoned_ship_s_000917.png as ship 
2021-10-21 21:26:08,158:INFO:user:121212111 labled abandoned_ship_s_000945.png as ship 
2021-10-21 21:26:08,179:INFO:user:121212111 labled abandoned_ship_s_000977.png as ship 
2021-10-21 21:26:08,207:INFO:user:121212111 labled abandoned_ship_s_001031.png as ship 
2021-10-21 21:26:08,239:INFO:user:121212111 labled abandoned_ship_s_001058.png as ship 
2021-10-21 21:26:08,269:INFO:user:121212111 labled abandoned_ship_s_001064.png as ship 
2021-10-21 21:34:33,339:INFO:user:aaaa labled accentor_s_000154.png as bird 
2021-10-21 21:34:33,363:INFO:user:aaaa labled accentor_s_000166.png as bird 
2021-10-21 21:34:33,387:INFO:user:aaaa labled accentor_s_000293.png as bird 
2021-10-21 21:34:33,413:INFO:user:aaaa labled accentor_s_000325.png as bird 
2021-10-21 22:20:54,987:INFO:user:aaaa1 labled banana_boat_s_000024.png as ship 
2021-10-21 22:20:55,013:INFO:user:aaaa1 labled banana_boat_s_000045.png as ship 
2021-10-21 22:20:55,042:INFO:user:aaaa1 labled banana_boat_s_000181.png as ship 
2021-10-21 22:20:55,071:INFO:user:aaaa1 labled banana_boat_s_000183.png as ship 
2021-10-21 22:20:55,101:INFO:user:aaaa1 labled banana_boat_s_000260.png as ship 
2021-10-21 22:20:55,130:INFO:user:aaaa1 labled banana_boat_s_000265.png as ship 
2021-10-21 22:20:55,173:INFO:user:aaaa1 labled banana_boat_s_000269.png as ship 
2021-10-21 22:20:55,214:INFO:user:aaaa1 labled banana_boat_s_000271.png as ship 
2021-10-21 22:26:51,603:INFO:user:aaaa1 labled banana_boat_s_000276.png as ship 
2021-10-21 22:26:51,630:INFO:user:aaaa1 labled banana_boat_s_000311.png as ship 
2021-10-21 22:26:51,659:INFO:user:aaaa1 labled banana_boat_s_000376.png as ship 
2021-10-21 22:26:51,684:INFO:user:aaaa1 labled banana_boat_s_000380.png as ship 
2021-10-21 22:26:51,717:INFO:user:aaaa1 labled banana_boat_s_000448.png as ship 
2021-10-21 22:26:51,753:INFO:user:aaaa1 labled banana_boat_s_000454.png as ship 
2021-10-21 22:26:51,791:INFO:user:aaaa1 labled banana_boat_s_000609.png as ship 
2021-10-21 22:26:51,825:INFO:user:aaaa1 labled banana_boat_s_000627.png as ship 
2021-10-22 00:08:39,602:INFO:user:aaaa1 labled banana_boat_s_000650.png as ship 
2021-10-22 00:08:39,617:INFO:user:aaaa1 labled banana_boat_s_000659.png as ship 
2021-10-22 00:08:39,632:INFO:user:aaaa1 labled banana_boat_s_000666.png as ship 
2021-10-22 00:08:39,647:INFO:user:aaaa1 labled banana_boat_s_000676.png as ship 
2021-10-22 00:08:39,661:INFO:user:aaaa1 labled banana_boat_s_000728.png as ship 
2021-10-22 00:08:39,676:INFO:user:aaaa1 labled banana_boat_s_000731.png as ship 
2021-10-22 00:08:39,690:INFO:user:aaaa1 labled banana_boat_s_000736.png as ship 
2021-10-22 00:08:39,705:INFO:user:aaaa1 labled banana_boat_s_000738.png as ship 
2021-11-30 16:20:22,627:INFO:user:121212111 labled accentor_s_000005.png as bird 
2021-11-30 16:20:22,650:INFO:user:121212111 labled accentor_s_000098.png as bird 
2021-11-30 16:20:22,675:INFO:user:121212111 labled accentor_s_000102.png as bird 
2021-11-30 16:20:22,701:INFO:user:121212111 labled accentor_s_000103.png as bird 
2021-11-30 16:20:22,726:INFO:user:121212111 labled accentor_s_000105.png as bird 
2021-11-30 16:20:22,756:INFO:user:121212111 labled accentor_s_000125.png as bird 
2021-11-30 16:20:22,788:INFO:user:121212111 labled accentor_s_000131.png as bird 
2021-11-30 16:20:22,819:INFO:user:121212111 labled accentor_s_000152.png as bird 
2021-11-30 16:21:48,086:INFO:user:121212111 labled accentor_s_000154.png as bird 
2021-11-30 16:21:48,125:INFO:user:121212111 labled accentor_s_000166.png as bird 
2021-11-30 16:21:48,174:INFO:user:121212111 labled accentor_s_000180.png as bird 
2021-11-30 16:21:48,216:INFO:user:121212111 labled accentor_s_000194.png as bird 
2021-11-30 16:21:48,260:INFO:user:121212111 labled accentor_s_000200.png as bird 
2021-11-30 16:21:48,299:INFO:user:121212111 labled accentor_s_000293.png as bird 
2021-11-30 16:21:48,343:INFO:user:121212111 labled accentor_s_000325.png as bird 
2021-11-30 16:21:48,388:INFO:user:121212111 labled accentor_s_000377.png as bird 
2021-11-30 17:06:20,481:INFO:user:121212111 labled accentor_s_000005.png as bird 
2021-11-30 17:06:20,503:INFO:user:121212111 labled accentor_s_000098.png as bird 
2021-11-30 17:06:20,525:INFO:user:121212111 labled accentor_s_000102.png as bird 
2021-11-30 17:06:20,546:INFO:user:121212111 labled accentor_s_000103.png as bird 
2021-11-30 17:06:20,568:INFO:user:121212111 labled accentor_s_000105.png as bird 
2021-11-30 17:06:20,588:INFO:user:121212111 labled accentor_s_000125.png as bird 
2021-11-30 17:06:20,607:INFO:user:121212111 labled accentor_s_000131.png as bird 
2021-11-30 17:06:20,630:INFO:user:121212111 labled accentor_s_000152.png as bird 
2021-11-30 17:06:56,177:INFO:user:121212111 labled accentor_s_000154.png as bird 
2021-11-30 17:06:56,201:INFO:user:121212111 labled accentor_s_000166.png as bird 
2021-11-30 17:06:56,227:INFO:user:121212111 labled accentor_s_000180.png as bird 
2021-11-30 17:06:56,252:INFO:user:121212111 labled accentor_s_000194.png as bird 
2021-11-30 17:06:56,276:INFO:user:121212111 labled accentor_s_000200.png as bird 
2021-11-30 17:06:56,299:INFO:user:121212111 labled accentor_s_000293.png as bird 
2021-11-30 17:06:56,320:INFO:user:121212111 labled accentor_s_000325.png as bird 
2021-11-30 17:06:56,345:INFO:user:121212111 labled accentor_s_000377.png as bird 
2021-12-04 08:19:36,054:INFO:user:121212111 labled accentor_s_000005.png as bird 
2021-12-04 08:19:36,077:INFO:user:121212111 labled accentor_s_000098.png as bird 
2021-12-04 08:19:36,100:INFO:user:121212111 labled accentor_s_000102.png as bird 
2021-12-04 08:19:36,120:INFO:user:121212111 labled accentor_s_000103.png as bird 
2021-12-04 08:19:36,135:INFO:user:121212111 labled accentor_s_000105.png as bird 
2021-12-04 08:19:36,152:INFO:user:121212111 labled accentor_s_000125.png as bird 
2021-12-04 08:19:36,166:INFO:user:121212111 labled accentor_s_000131.png as bird 
2021-12-04 08:19:36,180:INFO:user:121212111 labled accentor_s_000152.png as bird 
2021-12-04 08:19:45,532:INFO:user:121212111 labled accentor_s_000154.png as bird 
2021-12-04 08:19:45,551:INFO:user:121212111 labled accentor_s_000166.png as bird 
2021-12-04 08:30:00,866:INFO:user:121212111 labled accentor_s_000180.png as bird 
2021-12-04 08:30:00,885:INFO:user:121212111 labled accentor_s_000194.png as bird 
2021-12-04 08:30:00,904:INFO:user:121212111 labled accentor_s_000200.png as bird 
2021-12-04 08:30:00,922:INFO:user:121212111 labled accentor_s_000293.png as bird 
2021-12-04 08:30:00,936:INFO:user:121212111 labled accentor_s_000325.png as bird 
2021-12-04 08:30:00,949:INFO:user:121212111 labled accentor_s_000377.png as bird 
2021-12-04 08:30:00,967:INFO:user:121212111 labled accentor_s_000478.png as bird 
2021-12-04 08:30:00,982:INFO:user:121212111 labled accentor_s_000612.png as bird 
2021-12-04 08:30:09,383:INFO:user:121212111 labled accentor_s_000668.png as bird 
2021-12-04 08:30:09,399:INFO:user:121212111 labled accentor_s_000774.png as bird 
2021-12-04 09:01:29,119:INFO:user:121212111 labled accentor_s_000821.png as bird 
2021-12-04 09:01:29,146:INFO:user:121212111 labled accentor_s_000824.png as bird 
2021-12-04 09:01:29,175:INFO:user:121212111 labled accentor_s_000825.png as bird 
2021-12-04 09:01:29,201:INFO:user:121212111 labled accentor_s_000921.png as bird 
2021-12-04 09:01:29,234:INFO:user:121212111 labled accentor_s_000952.png as bird 
2021-12-04 09:01:29,263:INFO:user:121212111 labled accentor_s_000993.png as bird 
2021-12-04 09:01:29,292:INFO:user:121212111 labled accentor_s_001031.png as bird 
2021-12-04 09:01:29,322:INFO:user:121212111 labled accentor_s_001063.png as bird 
2021-12-04 09:01:47,309:INFO:user:121212111 labled accentor_s_001070.png as bird 
2021-12-04 09:01:47,339:INFO:user:121212111 labled accentor_s_001086.png as bird 
2021-12-19 14:12:17,425:INFO:user:121212111 labled abandoned_ship_s_000213.png as ship 
2021-12-19 14:12:17,456:INFO:user:121212111 labled aerial_ladder_truck_s_000002.png as truck 
2021-12-19 14:12:17,485:INFO:user:121212111 labled alley_cat_s_000013.png as cat 
2021-12-19 14:12:17,516:INFO:user:121212111 labled alley_cat_s_000030.png as cat 
2021-12-19 14:12:17,546:INFO:user:121212111 labled american_saddle_horse_s_000025.png as horse 
2021-12-19 14:12:17,575:INFO:user:121212111 labled appaloosa_s_000027.png as horse 
2021-12-19 14:12:17,609:INFO:user:121212111 labled blenheim_spaniel_s_000173.png as dog 
2021-12-19 14:12:17,641:INFO:user:121212111 labled frog2.png as frog 
2021-12-19 14:14:18,153:INFO:user:121212111 labled frog7.png as frog 
2021-12-19 14:14:18,183:INFO:user:121212111 labled deer0.png as deer 
2021-12-19 14:18:57,382:INFO:user:121212111 labled abandoned_ship_s_000213.png as ship 
2021-12-19 14:18:57,409:INFO:user:121212111 labled aerial_ladder_truck_s_000002.png as truck 
2021-12-19 14:18:57,440:INFO:user:121212111 labled alley_cat_s_000013.png as cat 
2021-12-19 14:18:57,474:INFO:user:121212111 labled alley_cat_s_000030.png as cat 
2021-12-19 14:18:57,507:INFO:user:121212111 labled american_saddle_horse_s_000025.png as horse 
2021-12-19 14:18:57,537:INFO:user:121212111 labled appaloosa_s_000027.png as horse 
2021-12-19 14:18:57,567:INFO:user:121212111 labled blenheim_spaniel_s_000173.png as dog 
2021-12-19 14:18:57,596:INFO:user:121212111 labled frog2.png as frog 
2021-12-19 15:00:40,475:INFO:user:121212111 labled deer1.png as deer 
2021-12-19 15:00:40,501:INFO:user:121212111 labled deer2.png as deer 
2021-12-19 15:00:40,525:INFO:user:121212111 labled automobile0.png as automoblie 
2021-12-19 15:00:40,549:INFO:user:121212111 labled automobile1.png as automoblie 
2021-12-19 15:00:40,573:INFO:user:121212111 labled truck0.png as truck 
2021-12-19 15:00:40,594:INFO:user:121212111 labled truck1.png as truck 
2021-12-19 15:00:40,615:INFO:user:121212111 labled cat7.png as cat 
2021-12-19 15:00:40,642:INFO:user:121212111 labled cat8.png as cat 
2021-12-19 15:09:01,962:INFO:user:121212111 labled deer1.png as deer 
2021-12-19 15:09:01,984:INFO:user:121212111 labled deer2.png as deer 
2021-12-19 15:09:02,006:INFO:user:121212111 labled automobile0.png as automobile 
2021-12-19 15:09:02,029:INFO:user:121212111 labled automobile1.png as automobile 
2021-12-19 15:09:02,052:INFO:user:121212111 labled truck0.png as truck 
2021-12-19 15:09:02,074:INFO:user:121212111 labled truck1.png as truck 
2021-12-19 15:09:02,100:INFO:user:121212111 labled cat7.png as cat 
2021-12-19 15:09:02,123:INFO:user:121212111 labled cat8.png as cat 
2021-12-20 23:03:23,556:INFO:user:121212111 labled ship7.png as ship 
2021-12-20 23:03:23,591:INFO:user:121212111 labled ship8.png as ship 
2021-12-20 23:03:23,618:INFO:user:121212111 labled ship9.png as ship 
2021-12-20 23:03:23,652:INFO:user:121212111 labled dog2.png as dog 
2021-12-20 23:03:23,687:INFO:user:121212111 labled dog3.png as dog 
2021-12-20 23:03:23,716:INFO:user:121212111 labled dog4.png as dog 
2021-12-20 23:03:23,749:INFO:user:121212111 labled dog8.png as dog 
2021-12-20 23:03:23,778:INFO:user:121212111 labled dog9.png as dog 
2022-02-21 16:01:56,254:INFO:user:121212111 labled deer1.png as deer 
2022-02-21 16:01:56,270:INFO:user:121212111 labled deer2.png as deer 
2022-02-21 16:01:56,284:INFO:user:121212111 labled automobile0.png as automobile 
2022-02-21 16:01:56,299:INFO:user:121212111 labled automobile1.png as automobile 
2022-02-21 16:01:56,315:INFO:user:121212111 labled truck0.png as truck 
2022-02-21 16:01:56,331:INFO:user:121212111 labled truck1.png as truck 
2022-02-21 16:01:56,347:INFO:user:121212111 labled cat7.png as cat 
2022-02-21 16:01:56,363:INFO:user:121212111 labled cat8.png as cat 
2022-02-21 16:02:54,687:INFO:user:121212111 labled ship7.png as ship 
2022-02-21 16:02:54,708:INFO:user:121212111 labled ship8.png as ship 
2022-02-21 16:02:54,735:INFO:user:121212111 labled ship9.png as ship 
2022-02-21 16:02:54,765:INFO:user:121212111 labled dog2.png as dog 
2022-02-21 16:02:54,795:INFO:user:121212111 labled dog3.png as dog 
2022-02-21 16:02:54,827:INFO:user:121212111 labled dog4.png as dog 
2022-02-21 16:02:54,851:INFO:user:121212111 labled dog8.png as dog 
2022-02-21 16:02:54,880:INFO:user:121212111 labled dog9.png as dog 
2022-02-22 13:09:14,397:INFO:user:121212111 labled bird4.png as bird 
2022-02-22 13:09:14,415:INFO:user:121212111 labled bird5.png as bird 
2022-02-22 13:27:12,022:INFO:user:121212111 labled bird4.png as bird 
2022-02-22 13:27:12,049:INFO:user:121212111 labled bird5.png as bird 
2022-02-22 14:22:29,695:INFO:user:121212111 labled deer1.png as cat 
2022-02-22 14:22:29,714:INFO:user:121212111 labled deer2.png as ship 
2022-02-22 14:33:37,295:INFO:user:121212111 labled abandoned_ship_s_000213.png as ship 
2022-02-22 14:33:37,312:INFO:user:121212111 labled aerial_ladder_truck_s_000002.png as truck 
2022-02-22 14:33:37,327:INFO:user:121212111 labled alley_cat_s_000013.png as cat 
2022-02-22 14:33:37,342:INFO:user:121212111 labled alley_cat_s_000030.png as cat 
2022-02-22 14:33:37,370:INFO:user:121212111 labled american_saddle_horse_s_000025.png as horse 
2022-02-22 14:33:37,392:INFO:user:121212111 labled appaloosa_s_000027.png as horse 
2022-02-22 14:33:37,406:INFO:user:121212111 labled blenheim_spaniel_s_000173.png as dog 
2022-02-22 14:33:37,420:INFO:user:121212111 labled frog2.png as frog 
